This is pdfTeX, Version 3.14159265-2.6-1.40.15 (TeX Live 2014) (preloaded format=pdflatex 2014.9.30)  9 DEC 2014 01:27
entering extended mode
 restricted \write18 enabled.
 %&-line parsing enabled.
**tp3.tex
(./tp3.tex
LaTeX2e <2014/05/01>
Babel <3.9k> and hyphenation patterns for 78 languages loaded.
(/usr/local/texlive/2014/texmf-dist/tex/latex/base/article.cls
Document Class: article 2007/10/19 v1.4h Standard LaTeX document class
(/usr/local/texlive/2014/texmf-dist/tex/latex/base/size11.clo
File: size11.clo 2007/10/19 v1.4h Standard LaTeX file (size option)
)
\c@part=\count79
\c@section=\count80
\c@subsection=\count81
\c@subsubsection=\count82
\c@paragraph=\count83
\c@subparagraph=\count84
\c@figure=\count85
\c@table=\count86
\abovecaptionskip=\skip41
\belowcaptionskip=\skip42
\bibindent=\dimen102
)
(/usr/local/texlive/2014/texmf-dist/tex/generic/babel/babel.sty
Package: babel 2014/03/24 3.9k The Babel package

(/usr/local/texlive/2014/texmf-dist/tex/generic/babel-english/english.ldf
Language: english 2012/08/20 v3.3p English support from the babel system

(/usr/local/texlive/2014/texmf-dist/tex/generic/babel/babel.def
File: babel.def 2014/03/24 3.9k Babel common definitions
\babel@savecnt=\count87
\U@D=\dimen103
)
\l@canadian = a dialect from \language\l@american 
\l@australian = a dialect from \language\l@british 
\l@newzealand = a dialect from \language\l@british 
)
(/usr/local/texlive/2014/texmf-dist/tex/generic/babel-spanish/spanish.ldf
Language: spanish.ldf 2014/04/24 v5.0n Spanish support from the babel system
\es@quottoks=\toks14
\es@quotdepth=\count88
Package babel Info: Making " an active character on input line 516.
Package babel Info: Making . an active character on input line 617.
Package babel Info: Making < an active character on input line 662.
Package babel Info: Making > an active character on input line 662.
))
(/usr/local/texlive/2014/texmf-dist/tex/latex/base/inputenc.sty
Package: inputenc 2014/04/30 v1.2b Input encoding file
\inpenc@prehook=\toks15
\inpenc@posthook=\toks16

(/usr/local/texlive/2014/texmf-dist/tex/latex/base/utf8.def
File: utf8.def 2008/04/05 v1.1m UTF-8 support for inputenc
Now handling font encoding OML ...
... no UTF-8 mapping file for font encoding OML
Now handling font encoding T1 ...
... processing UTF-8 mapping file for font encoding T1

(/usr/local/texlive/2014/texmf-dist/tex/latex/base/t1enc.dfu
File: t1enc.dfu 2008/04/05 v1.1m UTF-8 support for inputenc
   defining Unicode char U+00A1 (decimal 161)
   defining Unicode char U+00A3 (decimal 163)
   defining Unicode char U+00AB (decimal 171)
   defining Unicode char U+00BB (decimal 187)
   defining Unicode char U+00BF (decimal 191)
   defining Unicode char U+00C0 (decimal 192)
   defining Unicode char U+00C1 (decimal 193)
   defining Unicode char U+00C2 (decimal 194)
   defining Unicode char U+00C3 (decimal 195)
   defining Unicode char U+00C4 (decimal 196)
   defining Unicode char U+00C5 (decimal 197)
   defining Unicode char U+00C6 (decimal 198)
   defining Unicode char U+00C7 (decimal 199)
   defining Unicode char U+00C8 (decimal 200)
   defining Unicode char U+00C9 (decimal 201)
   defining Unicode char U+00CA (decimal 202)
   defining Unicode char U+00CB (decimal 203)
   defining Unicode char U+00CC (decimal 204)
   defining Unicode char U+00CD (decimal 205)
   defining Unicode char U+00CE (decimal 206)
   defining Unicode char U+00CF (decimal 207)
   defining Unicode char U+00D0 (decimal 208)
   defining Unicode char U+00D1 (decimal 209)
   defining Unicode char U+00D2 (decimal 210)
   defining Unicode char U+00D3 (decimal 211)
   defining Unicode char U+00D4 (decimal 212)
   defining Unicode char U+00D5 (decimal 213)
   defining Unicode char U+00D6 (decimal 214)
   defining Unicode char U+00D8 (decimal 216)
   defining Unicode char U+00D9 (decimal 217)
   defining Unicode char U+00DA (decimal 218)
   defining Unicode char U+00DB (decimal 219)
   defining Unicode char U+00DC (decimal 220)
   defining Unicode char U+00DD (decimal 221)
   defining Unicode char U+00DE (decimal 222)
   defining Unicode char U+00DF (decimal 223)
   defining Unicode char U+00E0 (decimal 224)
   defining Unicode char U+00E1 (decimal 225)
   defining Unicode char U+00E2 (decimal 226)
   defining Unicode char U+00E3 (decimal 227)
   defining Unicode char U+00E4 (decimal 228)
   defining Unicode char U+00E5 (decimal 229)
   defining Unicode char U+00E6 (decimal 230)
   defining Unicode char U+00E7 (decimal 231)
   defining Unicode char U+00E8 (decimal 232)
   defining Unicode char U+00E9 (decimal 233)
   defining Unicode char U+00EA (decimal 234)
   defining Unicode char U+00EB (decimal 235)
   defining Unicode char U+00EC (decimal 236)
   defining Unicode char U+00ED (decimal 237)
   defining Unicode char U+00EE (decimal 238)
   defining Unicode char U+00EF (decimal 239)
   defining Unicode char U+00F0 (decimal 240)
   defining Unicode char U+00F1 (decimal 241)
   defining Unicode char U+00F2 (decimal 242)
   defining Unicode char U+00F3 (decimal 243)
   defining Unicode char U+00F4 (decimal 244)
   defining Unicode char U+00F5 (decimal 245)
   defining Unicode char U+00F6 (decimal 246)
   defining Unicode char U+00F8 (decimal 248)
   defining Unicode char U+00F9 (decimal 249)
   defining Unicode char U+00FA (decimal 250)
   defining Unicode char U+00FB (decimal 251)
   defining Unicode char U+00FC (decimal 252)
   defining Unicode char U+00FD (decimal 253)
   defining Unicode char U+00FE (decimal 254)
   defining Unicode char U+00FF (decimal 255)
   defining Unicode char U+0102 (decimal 258)
   defining Unicode char U+0103 (decimal 259)
   defining Unicode char U+0104 (decimal 260)
   defining Unicode char U+0105 (decimal 261)
   defining Unicode char U+0106 (decimal 262)
   defining Unicode char U+0107 (decimal 263)
   defining Unicode char U+010C (decimal 268)
   defining Unicode char U+010D (decimal 269)
   defining Unicode char U+010E (decimal 270)
   defining Unicode char U+010F (decimal 271)
   defining Unicode char U+0110 (decimal 272)
   defining Unicode char U+0111 (decimal 273)
   defining Unicode char U+0118 (decimal 280)
   defining Unicode char U+0119 (decimal 281)
   defining Unicode char U+011A (decimal 282)
   defining Unicode char U+011B (decimal 283)
   defining Unicode char U+011E (decimal 286)
   defining Unicode char U+011F (decimal 287)
   defining Unicode char U+0130 (decimal 304)
   defining Unicode char U+0131 (decimal 305)
   defining Unicode char U+0132 (decimal 306)
   defining Unicode char U+0133 (decimal 307)
   defining Unicode char U+0139 (decimal 313)
   defining Unicode char U+013A (decimal 314)
   defining Unicode char U+013D (decimal 317)
   defining Unicode char U+013E (decimal 318)
   defining Unicode char U+0141 (decimal 321)
   defining Unicode char U+0142 (decimal 322)
   defining Unicode char U+0143 (decimal 323)
   defining Unicode char U+0144 (decimal 324)
   defining Unicode char U+0147 (decimal 327)
   defining Unicode char U+0148 (decimal 328)
   defining Unicode char U+014A (decimal 330)
   defining Unicode char U+014B (decimal 331)
   defining Unicode char U+0150 (decimal 336)
   defining Unicode char U+0151 (decimal 337)
   defining Unicode char U+0152 (decimal 338)
   defining Unicode char U+0153 (decimal 339)
   defining Unicode char U+0154 (decimal 340)
   defining Unicode char U+0155 (decimal 341)
   defining Unicode char U+0158 (decimal 344)
   defining Unicode char U+0159 (decimal 345)
   defining Unicode char U+015A (decimal 346)
   defining Unicode char U+015B (decimal 347)
   defining Unicode char U+015E (decimal 350)
   defining Unicode char U+015F (decimal 351)
   defining Unicode char U+0160 (decimal 352)
   defining Unicode char U+0161 (decimal 353)
   defining Unicode char U+0162 (decimal 354)
   defining Unicode char U+0163 (decimal 355)
   defining Unicode char U+0164 (decimal 356)
   defining Unicode char U+0165 (decimal 357)
   defining Unicode char U+016E (decimal 366)
   defining Unicode char U+016F (decimal 367)
   defining Unicode char U+0170 (decimal 368)
   defining Unicode char U+0171 (decimal 369)
   defining Unicode char U+0178 (decimal 376)
   defining Unicode char U+0179 (decimal 377)
   defining Unicode char U+017A (decimal 378)
   defining Unicode char U+017B (decimal 379)
   defining Unicode char U+017C (decimal 380)
   defining Unicode char U+017D (decimal 381)
   defining Unicode char U+017E (decimal 382)
   defining Unicode char U+200C (decimal 8204)
   defining Unicode char U+2013 (decimal 8211)
   defining Unicode char U+2014 (decimal 8212)
   defining Unicode char U+2018 (decimal 8216)
   defining Unicode char U+2019 (decimal 8217)
   defining Unicode char U+201A (decimal 8218)
   defining Unicode char U+201C (decimal 8220)
   defining Unicode char U+201D (decimal 8221)
   defining Unicode char U+201E (decimal 8222)
   defining Unicode char U+2030 (decimal 8240)
   defining Unicode char U+2031 (decimal 8241)
   defining Unicode char U+2039 (decimal 8249)
   defining Unicode char U+203A (decimal 8250)
   defining Unicode char U+2423 (decimal 9251)
)
Now handling font encoding OT1 ...
... processing UTF-8 mapping file for font encoding OT1

(/usr/local/texlive/2014/texmf-dist/tex/latex/base/ot1enc.dfu
File: ot1enc.dfu 2008/04/05 v1.1m UTF-8 support for inputenc
   defining Unicode char U+00A1 (decimal 161)
   defining Unicode char U+00A3 (decimal 163)
   defining Unicode char U+00B8 (decimal 184)
   defining Unicode char U+00BF (decimal 191)
   defining Unicode char U+00C5 (decimal 197)
   defining Unicode char U+00C6 (decimal 198)
   defining Unicode char U+00D8 (decimal 216)
   defining Unicode char U+00DF (decimal 223)
   defining Unicode char U+00E6 (decimal 230)
   defining Unicode char U+00EC (decimal 236)
   defining Unicode char U+00ED (decimal 237)
   defining Unicode char U+00EE (decimal 238)
   defining Unicode char U+00EF (decimal 239)
   defining Unicode char U+00F8 (decimal 248)
   defining Unicode char U+0131 (decimal 305)
   defining Unicode char U+0141 (decimal 321)
   defining Unicode char U+0142 (decimal 322)
   defining Unicode char U+0152 (decimal 338)
   defining Unicode char U+0153 (decimal 339)
   defining Unicode char U+2013 (decimal 8211)
   defining Unicode char U+2014 (decimal 8212)
   defining Unicode char U+2018 (decimal 8216)
   defining Unicode char U+2019 (decimal 8217)
   defining Unicode char U+201C (decimal 8220)
   defining Unicode char U+201D (decimal 8221)
)
Now handling font encoding OMS ...
... processing UTF-8 mapping file for font encoding OMS

(/usr/local/texlive/2014/texmf-dist/tex/latex/base/omsenc.dfu
File: omsenc.dfu 2008/04/05 v1.1m UTF-8 support for inputenc
   defining Unicode char U+00A7 (decimal 167)
   defining Unicode char U+00B6 (decimal 182)
   defining Unicode char U+00B7 (decimal 183)
   defining Unicode char U+2020 (decimal 8224)
   defining Unicode char U+2021 (decimal 8225)
   defining Unicode char U+2022 (decimal 8226)
)
Now handling font encoding OMX ...
... no UTF-8 mapping file for font encoding OMX
Now handling font encoding U ...
... no UTF-8 mapping file for font encoding U
   defining Unicode char U+00A9 (decimal 169)
   defining Unicode char U+00AA (decimal 170)
   defining Unicode char U+00AE (decimal 174)
   defining Unicode char U+00BA (decimal 186)
   defining Unicode char U+02C6 (decimal 710)
   defining Unicode char U+02DC (decimal 732)
   defining Unicode char U+200C (decimal 8204)
   defining Unicode char U+2026 (decimal 8230)
   defining Unicode char U+2122 (decimal 8482)
   defining Unicode char U+2423 (decimal 9251)
))
(/usr/local/texlive/2014/texmf-dist/tex/latex/geometry/geometry.sty
Package: geometry 2010/09/12 v5.6 Page Geometry

(/usr/local/texlive/2014/texmf-dist/tex/latex/graphics/keyval.sty
Package: keyval 2014/05/08 v1.15 key=value parser (DPC)
\KV@toks@=\toks17
)
(/usr/local/texlive/2014/texmf-dist/tex/generic/oberdiek/ifpdf.sty
Package: ifpdf 2011/01/30 v2.3 Provides the ifpdf switch (HO)
Package ifpdf Info: pdfTeX in PDF mode is detected.
)
(/usr/local/texlive/2014/texmf-dist/tex/generic/oberdiek/ifvtex.sty
Package: ifvtex 2010/03/01 v1.5 Detect VTeX and its facilities (HO)
Package ifvtex Info: VTeX not detected.
)
(/usr/local/texlive/2014/texmf-dist/tex/generic/ifxetex/ifxetex.sty
Package: ifxetex 2010/09/12 v0.6 Provides ifxetex conditional
)
\Gm@cnth=\count89
\Gm@cntv=\count90
\c@Gm@tempcnt=\count91
\Gm@bindingoffset=\dimen104
\Gm@wd@mp=\dimen105
\Gm@odd@mp=\dimen106
\Gm@even@mp=\dimen107
\Gm@layoutwidth=\dimen108
\Gm@layoutheight=\dimen109
\Gm@layouthoffset=\dimen110
\Gm@layoutvoffset=\dimen111
\Gm@dimlist=\toks18
)
(/usr/local/texlive/2014/texmf-dist/tex/latex/amsmath/amsmath.sty
Package: amsmath 2013/01/14 v2.14 AMS math features
\@mathmargin=\skip43

For additional information on amsmath, use the `?' option.
(/usr/local/texlive/2014/texmf-dist/tex/latex/amsmath/amstext.sty
Package: amstext 2000/06/29 v2.01

(/usr/local/texlive/2014/texmf-dist/tex/latex/amsmath/amsgen.sty
File: amsgen.sty 1999/11/30 v2.0
\@emptytoks=\toks19
\ex@=\dimen112
))
(/usr/local/texlive/2014/texmf-dist/tex/latex/amsmath/amsbsy.sty
Package: amsbsy 1999/11/29 v1.2d
\pmbraise@=\dimen113
)
(/usr/local/texlive/2014/texmf-dist/tex/latex/amsmath/amsopn.sty
Package: amsopn 1999/12/14 v2.01 operator names
)
\inf@bad=\count92
LaTeX Info: Redefining \frac on input line 210.
\uproot@=\count93
\leftroot@=\count94
LaTeX Info: Redefining \overline on input line 306.
\classnum@=\count95
\DOTSCASE@=\count96
LaTeX Info: Redefining \ldots on input line 378.
LaTeX Info: Redefining \dots on input line 381.
LaTeX Info: Redefining \cdots on input line 466.
\Mathstrutbox@=\box26
\strutbox@=\box27
\big@size=\dimen114
LaTeX Font Info:    Redeclaring font encoding OML on input line 566.
LaTeX Font Info:    Redeclaring font encoding OMS on input line 567.
\macc@depth=\count97
\c@MaxMatrixCols=\count98
\dotsspace@=\muskip10
\c@parentequation=\count99
\dspbrk@lvl=\count100
\tag@help=\toks20
\row@=\count101
\column@=\count102
\maxfields@=\count103
\andhelp@=\toks21
\eqnshift@=\dimen115
\alignsep@=\dimen116
\tagshift@=\dimen117
\tagwidth@=\dimen118
\totwidth@=\dimen119
\lineht@=\dimen120
\@envbody=\toks22
\multlinegap=\skip44
\multlinetaggap=\skip45
\mathdisplay@stack=\toks23
LaTeX Info: Redefining \[ on input line 2665.
LaTeX Info: Redefining \] on input line 2666.
)
(/usr/local/texlive/2014/texmf-dist/tex/latex/algorithms/algorithm.sty
Package: algorithm 2009/08/24 v0.1 Document Style `algorithm' - floating enviro
nment

(/usr/local/texlive/2014/texmf-dist/tex/latex/float/float.sty
Package: float 2001/11/08 v1.3d Float enhancements (AL)
\c@float@type=\count104
\float@exts=\toks24
\float@box=\box28
\@float@everytoks=\toks25
\@floatcapt=\box29
)
(/usr/local/texlive/2014/texmf-dist/tex/latex/base/ifthen.sty
Package: ifthen 2001/05/26 v1.1c Standard LaTeX ifthen package (DPC)
)
\@float@every@algorithm=\toks26
\c@algorithm=\count105
)
(/usr/local/texlive/2014/texmf-dist/tex/latex/algorithmicx/algpseudocode.sty
Package: algpseudocode 

(/usr/local/texlive/2014/texmf-dist/tex/latex/algorithmicx/algorithmicx.sty
Package: algorithmicx 2005/04/27 v1.2 Algorithmicx

Document Style algorithmicx 1.2 - a greatly improved `algorithmic' style
\c@ALG@line=\count106
\c@ALG@rem=\count107
\c@ALG@nested=\count108
\ALG@tlm=\skip46
\ALG@thistlm=\skip47
\c@ALG@Lnr=\count109
\c@ALG@blocknr=\count110
\c@ALG@storecount=\count111
\c@ALG@tmpcounter=\count112
\ALG@tmplength=\skip48
)
Document Style - pseudocode environments for use with the `algorithmicx' style
) (/usr/local/texlive/2014/texmf-dist/tex/latex/amsfonts/amsfonts.sty
Package: amsfonts 2013/01/14 v3.01 Basic AMSFonts support
\symAMSa=\mathgroup4
\symAMSb=\mathgroup5
LaTeX Font Info:    Overwriting math alphabet `\mathfrak' in version `bold'
(Font)                  U/euf/m/n --> U/euf/b/n on input line 106.
)
(/usr/local/texlive/2014/texmf-dist/tex/latex/amsfonts/amssymb.sty
Package: amssymb 2013/01/14 v3.01 AMS font symbols
)
(/usr/local/texlive/2014/texmf-dist/tex/latex/fancyhdr/fancyhdr.sty
\fancy@headwidth=\skip49
\f@ncyO@elh=\skip50
\f@ncyO@erh=\skip51
\f@ncyO@olh=\skip52
\f@ncyO@orh=\skip53
\f@ncyO@elf=\skip54
\f@ncyO@erf=\skip55
\f@ncyO@olf=\skip56
\f@ncyO@orf=\skip57
)
(/usr/local/texlive/2014/texmf-dist/tex/latex/lastpage/lastpage.sty
Package: lastpage 2013/01/28 v1.2l Refers to last page's name (HMM; JPG)
)
(./caratula.sty
Package: caratula 2005/08/09 v0.3 Para componer caratulas de TPs del DC

(/usr/local/texlive/2014/texmf-dist/tex/latex/graphics/graphicx.sty
Package: graphicx 2014/04/25 v1.0g Enhanced LaTeX Graphics (DPC,SPQR)

(/usr/local/texlive/2014/texmf-dist/tex/latex/graphics/graphics.sty
Package: graphics 2009/02/05 v1.0o Standard LaTeX Graphics (DPC,SPQR)

(/usr/local/texlive/2014/texmf-dist/tex/latex/graphics/trig.sty
Package: trig 1999/03/16 v1.09 sin cos tan (DPC)
)
(/usr/local/texlive/2014/texmf-dist/tex/latex/latexconfig/graphics.cfg
File: graphics.cfg 2010/04/23 v1.9 graphics configuration of TeX Live
)
Package graphics Info: Driver file: pdftex.def on input line 91.

(/usr/local/texlive/2014/texmf-dist/tex/latex/pdftex-def/pdftex.def
File: pdftex.def 2011/05/27 v0.06d Graphics/color for pdfTeX

(/usr/local/texlive/2014/texmf-dist/tex/generic/oberdiek/infwarerr.sty
Package: infwarerr 2010/04/08 v1.3 Providing info/warning/error messages (HO)
)
(/usr/local/texlive/2014/texmf-dist/tex/generic/oberdiek/ltxcmds.sty
Package: ltxcmds 2011/11/09 v1.22 LaTeX kernel commands for general use (HO)
)
\Gread@gobject=\count113
))
\Gin@req@height=\dimen121
\Gin@req@width=\dimen122
)
Cargando package 'caratula' v0.3 (2005/08/09)
\intlist=\toks27
) (/usr/local/texlive/2014/texmf-dist/tex/latex/url/url.sty
\Urlmuskip=\muskip11
Package: url 2013/09/16  ver 3.4  Verb mode for urls, etc.
)
(/usr/local/texlive/2014/texmf-dist/tex/latex/base/flafter.sty
Package: flafter 2014/04/24 v1.2n Standard LaTeX floats after reference (FMi)
)
(/usr/local/texlive/2014/texmf-dist/tex/latex/tools/afterpage.sty
Package: afterpage 1995/10/27 v1.08 After-Page Package (DPC)
\AP@output=\toks28
\AP@partial=\box30
\AP@footins=\box31
)
(/usr/local/texlive/2014/texmf-dist/tex/latex/listings/listings.sty
\lst@mode=\count114
\lst@gtempboxa=\box32
\lst@token=\toks29
\lst@length=\count115
\lst@currlwidth=\dimen123
\lst@column=\count116
\lst@pos=\count117
\lst@lostspace=\dimen124
\lst@width=\dimen125
\lst@newlines=\count118
\lst@lineno=\count119
\lst@maxwidth=\dimen126

(/usr/local/texlive/2014/texmf-dist/tex/latex/listings/lstmisc.sty
File: lstmisc.sty 2014/03/04 1.5c (Carsten Heinz)
\c@lstnumber=\count120
\lst@skipnumbers=\count121
\lst@framebox=\box33
)
(/usr/local/texlive/2014/texmf-dist/tex/latex/listings/listings.cfg
File: listings.cfg 2014/03/04 1.5c listings configuration
))
Package: listings 2014/03/04 1.5c (Carsten Heinz)

(/usr/local/texlive/2014/texmf-dist/tex/latex/graphics/color.sty
Package: color 2014/04/23 v1.1a Standard LaTeX Color (DPC)

(/usr/local/texlive/2014/texmf-dist/tex/latex/latexconfig/color.cfg
File: color.cfg 2007/01/18 v1.5 color configuration of teTeX/TeXLive
)
Package color Info: Driver file: pdftex.def on input line 137.
)
(/usr/local/texlive/2014/texmf-dist/tex/latex/tools/verbatim.sty
Package: verbatim 2003/08/22 v1.5q LaTeX2e package for verbatim enhancements
\every@verbatim=\toks30
\verbatim@line=\toks31
\verbatim@in@stream=\read1
)
(/usr/local/texlive/2014/texmf-dist/tex/latex/placeins/placeins.sty
Package: placeins 2005/04/18  v 2.2
)
(/usr/local/texlive/2014/texmf-dist/tex/latex/caption/caption.sty
Package: caption 2013/05/02 v3.3-89 Customizing captions (AR)

(/usr/local/texlive/2014/texmf-dist/tex/latex/caption/caption3.sty
Package: caption3 2013/05/02 v1.6-88 caption3 kernel (AR)
Package caption3 Info: TeX engine: e-TeX on input line 57.
\captionmargin=\dimen127
\captionmargin@=\dimen128
\captionwidth=\dimen129
\caption@tempdima=\dimen130
\caption@indent=\dimen131
\caption@parindent=\dimen132
\caption@hangindent=\dimen133
)
\c@ContinuedFloat=\count122
Package caption Info: float package is loaded.
Package caption Info: listings package is loaded.
)
(/usr/local/texlive/2014/texmf-dist/tex/latex/caption/subcaption.sty
Package: subcaption 2013/02/03 v1.1-62 Sub-captions (AR)
\c@subfigure=\count123
\c@subtable=\count124
)

Package Fancyhdr Warning: \fancyhead's `E' option without twoside option is use
less on input line 79.


Package Fancyhdr Warning: \fancyhead's `E' option without twoside option is use
less on input line 80.


Package Fancyhdr Warning: \fancyhead's `E' option without twoside option is use
less on input line 81.


Package Fancyhdr Warning: \fancyfoot's `E' option without twoside option is use
less on input line 83.

(./tp3.aux
LaTeX Info: Redefining \. on input line 6.
LaTeX Info: Redefining \% on input line 6.


LaTeX Warning: Label `fig:awesome_image1' multiply defined.


LaTeX Warning: Label `fig:awesome_image1' multiply defined.

)
\openout1 = `tp3.aux'.

LaTeX Font Info:    Checking defaults for OML/cmm/m/it on input line 85.
LaTeX Font Info:    ... okay on input line 85.
LaTeX Font Info:    Checking defaults for T1/cmr/m/n on input line 85.
LaTeX Font Info:    ... okay on input line 85.
LaTeX Font Info:    Checking defaults for OT1/cmr/m/n on input line 85.
LaTeX Font Info:    ... okay on input line 85.
LaTeX Font Info:    Checking defaults for OMS/cmsy/m/n on input line 85.
LaTeX Font Info:    ... okay on input line 85.
LaTeX Font Info:    Checking defaults for OMX/cmex/m/n on input line 85.
LaTeX Font Info:    ... okay on input line 85.
LaTeX Font Info:    Checking defaults for U/cmr/m/n on input line 85.
LaTeX Font Info:    ... okay on input line 85.
LaTeX Info: Redefining \. on input line 85.
LaTeX Info: Redefining \% on input line 85.

*geometry* driver: auto-detecting
*geometry* detected driver: pdftex
*geometry* verbose mode - [ preamble ] result:
* driver: pdftex
* paper: a4paper
* layout: <same size as paper>
* layoutoffset:(h,v)=(0.0pt,0.0pt)
* modes: 
* h-part:(L,W,R)=(42.67912pt, 512.1496pt, 42.67915pt)
* v-part:(T,H,B)=(64.01869pt, 711.3189pt, 69.70926pt)
* \paperwidth=597.50787pt
* \paperheight=845.04684pt
* \textwidth=512.1496pt
* \textheight=711.3189pt
* \oddsidemargin=-29.59087pt
* \evensidemargin=-29.59087pt
* \topmargin=-45.2513pt
* \headheight=12.0pt
* \headsep=25.0pt
* \topskip=11.0pt
* \footskip=30.0pt
* \marginparwidth=50.0pt
* \marginparsep=10.0pt
* \columnsep=10.0pt
* \skip\footins=10.0pt plus 4.0pt minus 2.0pt
* \hoffset=0.0pt
* \voffset=0.0pt
* \mag=1000
* \@twocolumnfalse
* \@twosidefalse
* \@mparswitchfalse
* \@reversemarginfalse
* (1in=72.27pt=25.4mm, 1cm=28.453pt)

Package lastpage Info: Please have a look at the pageslts package at
(lastpage)             http://www.ctan.org/tex-archive/ 
(lastpage)             macros/latex/contrib/pageslts/ 
(lastpage)             or
(lastpage)             http://www.ctan.org/tex-archive/ 
(lastpage)             install/macros/latex/contrib/pageslts.tds.zip
(lastpage)             ! on input line 85.
(/usr/local/texlive/2014/texmf-dist/tex/context/base/supp-pdf.mkii
[Loading MPS to PDF converter (version 2006.09.02).]
\scratchcounter=\count125
\scratchdimen=\dimen134
\scratchbox=\box34
\nofMPsegments=\count126
\nofMParguments=\count127
\everyMPshowfont=\toks32
\MPscratchCnt=\count128
\MPscratchDim=\dimen135
\MPnumerator=\count129
\makeMPintoPDFobject=\count130
\everyMPtoPDFconversion=\toks33
) (/usr/local/texlive/2014/texmf-dist/tex/generic/oberdiek/pdftexcmds.sty
Package: pdftexcmds 2011/11/29 v0.20 Utility functions of pdfTeX for LuaTeX (HO
)

(/usr/local/texlive/2014/texmf-dist/tex/generic/oberdiek/ifluatex.sty
Package: ifluatex 2010/03/01 v1.3 Provides the ifluatex switch (HO)
Package ifluatex Info: LuaTeX not detected.
)
Package pdftexcmds Info: LuaTeX not detected.
Package pdftexcmds Info: \pdf@primitive is available.
Package pdftexcmds Info: \pdf@ifprimitive is available.
Package pdftexcmds Info: \pdfdraftmode found.
)
(/usr/local/texlive/2014/texmf-dist/tex/latex/oberdiek/epstopdf-base.sty
Package: epstopdf-base 2010/02/09 v2.5 Base part for package epstopdf

(/usr/local/texlive/2014/texmf-dist/tex/latex/oberdiek/grfext.sty
Package: grfext 2010/08/19 v1.1 Manage graphics extensions (HO)

(/usr/local/texlive/2014/texmf-dist/tex/generic/oberdiek/kvdefinekeys.sty
Package: kvdefinekeys 2011/04/07 v1.3 Define keys (HO)
))
(/usr/local/texlive/2014/texmf-dist/tex/latex/oberdiek/kvoptions.sty
Package: kvoptions 2011/06/30 v3.11 Key value format for package options (HO)

(/usr/local/texlive/2014/texmf-dist/tex/generic/oberdiek/kvsetkeys.sty
Package: kvsetkeys 2012/04/25 v1.16 Key value parser (HO)

(/usr/local/texlive/2014/texmf-dist/tex/generic/oberdiek/etexcmds.sty
Package: etexcmds 2011/02/16 v1.5 Avoid name clashes with e-TeX commands (HO)
Package etexcmds Info: Could not find \expanded.
(etexcmds)             That can mean that you are not using pdfTeX 1.50 or
(etexcmds)             that some package has redefined \expanded.
(etexcmds)             In the latter case, load this package earlier.
)))
Package grfext Info: Graphics extension search list:
(grfext)             [.png,.pdf,.jpg,.mps,.jpeg,.jbig2,.jb2,.PNG,.PDF,.JPG,.JPE
G,.JBIG2,.JB2,.eps]
(grfext)             \AppendGraphicsExtensions on input line 452.

(/usr/local/texlive/2014/texmf-dist/tex/latex/latexconfig/epstopdf-sys.cfg
File: epstopdf-sys.cfg 2010/07/13 v1.3 Configuration of (r)epstopdf for TeX Liv
e
))
\c@lstlisting=\count131
Package caption Info: Begin \AtBeginDocument code.
Package caption Info: End \AtBeginDocument code.

<logo_dc.jpg, id=1, 215.6055pt x 83.5923pt>
File: logo_dc.jpg Graphic file (type jpg)
 <use logo_dc.jpg>
Package pdftex.def Info: logo_dc.jpg used on input line 94.
(pdftex.def)             Requested size: 215.60497pt x 83.59207pt.
LaTeX Font Info:    Try loading font information for U+msa on input line 94.

(/usr/local/texlive/2014/texmf-dist/tex/latex/amsfonts/umsa.fd
File: umsa.fd 2013/01/14 v3.01 AMS symbols A
)
LaTeX Font Info:    Try loading font information for U+msb on input line 94.

(/usr/local/texlive/2014/texmf-dist/tex/latex/amsfonts/umsb.fd
File: umsb.fd 2013/01/14 v3.01 AMS symbols B
)
<logo_uba.jpg, id=2, 225.4824pt x 231.7458pt>
File: logo_uba.jpg Graphic file (type jpg)
 <use logo_uba.jpg>
Package pdftex.def Info: logo_uba.jpg used on input line 94.
(pdftex.def)             Requested size: 225.48184pt x 231.74522pt.

Underfull \hbox (badness 10000) in paragraph at lines 94--94

 []


Overfull \hbox (25.60904pt too wide) in paragraph at lines 94--94
[][][] 
 []

[1

{/usr/local/texlive/2014/texmf-var/fonts/map/pdftex/updmap/pdftex.map} <./logo_
dc.jpg> <./logo_uba.jpg>] (./tp3.toc
LaTeX Info: Redefining \. on input line 1.
LaTeX Info: Redefining \% on input line 1.
)
\tf@toc=\write3
\openout3 = `tp3.toc'.

 (./01-resumen.tex) [2]

Package Fancyhdr Warning: \headheight is too small (12.0pt): 
 Make it at least 13.60925pt.
 We now make it that large for the rest of the document.
 This may cause the page layout to be inconsistent, however.

[3] (./02-introduccion.tex) [4] (./03-desarrollo.tex
Underfull \hbox (badness 10000) in paragraph at lines 3--7

 []

[5] [6]
Underfull \hbox (badness 10000) in paragraph at lines 102--103

 []

[7]) [8] (./04-resultados.tex
<imagenes/colores.png, id=43, 3011.25pt x 5018.75pt>
File: imagenes/colores.png Graphic file (type png)

<use imagenes/colores.png>
Package pdftex.def Info: imagenes/colores.png used on input line 19.
(pdftex.def)             Requested size: 120.42949pt x 200.7158pt.

<imagenes/colores_bayer.png, id=44, 3011.25pt x 5018.75pt>
File: imagenes/colores_bayer.png Graphic file (type png)

<use imagenes/colores_bayer.png>
Package pdftex.def Info: imagenes/colores_bayer.png used on input line 25.
(pdftex.def)             Requested size: 120.42949pt x 200.7158pt.
 [9]
<imagenes/colores_demosicing_bilineal.png, id=48, 3011.25pt x 5018.75pt>
File: imagenes/colores_demosicing_bilineal.png Graphic file (type png)

<use imagenes/colores_demosicing_bilineal.png>
Package pdftex.def Info: imagenes/colores_demosicing_bilineal.png used on input
 line 34.
(pdftex.def)             Requested size: 120.42949pt x 200.7158pt.

<imagenes/colores_demosicing_quality.png, id=49, 3011.25pt x 5018.75pt>
File: imagenes/colores_demosicing_quality.png Graphic file (type png)

<use imagenes/colores_demosicing_quality.png>
Package pdftex.def Info: imagenes/colores_demosicing_quality.png used on input 
line 40.
(pdftex.def)             Requested size: 120.42949pt x 200.7158pt.

<imagenes/colores_demosicing_spline.png, id=50, 3011.25pt x 5018.75pt>
File: imagenes/colores_demosicing_spline.png Graphic file (type png)

<use imagenes/colores_demosicing_spline.png>
Package pdftex.def Info: imagenes/colores_demosicing_spline.png used on input l
ine 49.
(pdftex.def)             Requested size: 120.42949pt x 200.7158pt.

<imagenes/colores_demosicing_vecino.png, id=51, 3011.25pt x 5018.75pt>
File: imagenes/colores_demosicing_vecino.png Graphic file (type png)

<use imagenes/colores_demosicing_vecino.png>
Package pdftex.def Info: imagenes/colores_demosicing_vecino.png used on input l
ine 55.
(pdftex.def)             Requested size: 120.42949pt x 200.7158pt.
 [10 <./imagenes/colores.png> <./imagenes/colores_bayer.png> <./imagenes/colore
s_demosicing_bilineal.png> <./imagenes/colores_demosicing_quality.png>]
<imagenes/colores_bilineal_zoom.jpg, id=59, 188.705pt x 482.80376pt>
File: imagenes/colores_bilineal_zoom.jpg Graphic file (type jpg)

<use imagenes/colores_bilineal_zoom.jpg>
Package pdftex.def Info: imagenes/colores_bilineal_zoom.jpg used on input line 
67.
(pdftex.def)             Requested size: 113.22386pt x 289.6845pt.

<imagenes/colores_hq_zoom.jpg, id=60, 188.705pt x 482.80376pt>
File: imagenes/colores_hq_zoom.jpg Graphic file (type jpg)

<use imagenes/colores_hq_zoom.jpg>
Package pdftex.def Info: imagenes/colores_hq_zoom.jpg used on input line 73.
(pdftex.def)             Requested size: 113.22386pt x 289.6845pt.
 [11 <./imagenes/colores_demosicing_spline.png> <./imagenes/colores_demosicing_
vecino.png> <./imagenes/colores_bilineal_zoom.jpg> <./imagenes/colores_hq_zoom.
jpg>]
<imagenes/colores_directional_zoom.jpg, id=66, 188.705pt x 482.80376pt>
File: imagenes/colores_directional_zoom.jpg Graphic file (type jpg)

<use imagenes/colores_directional_zoom.jpg>
Package pdftex.def Info: imagenes/colores_directional_zoom.jpg used on input li
ne 82.
(pdftex.def)             Requested size: 113.22386pt x 289.6845pt.

<imagenes/colores_vecinos_zoom.jpg, id=67, 188.705pt x 482.80376pt>
File: imagenes/colores_vecinos_zoom.jpg Graphic file (type jpg)

<use imagenes/colores_vecinos_zoom.jpg>
Package pdftex.def Info: imagenes/colores_vecinos_zoom.jpg used on input line 8
8.
(pdftex.def)             Requested size: 113.22386pt x 289.6845pt.
 [12 <./imagenes/colores_directional_zoom.jpg> <./imagenes/colores_vecinos_zoom
.jpg>]
<imagenes/img9.png, id=72, 770.88pt x 513.92pt>
File: imagenes/img9.png Graphic file (type png)
 <use imagenes/img9.png>
Package pdftex.def Info: imagenes/img9.png used on input line 132.
(pdftex.def)             Requested size: 256.0748pt x 170.71548pt.

<imagenes/img9_bayer.png, id=73, 578.16pt x 385.44pt>
File: imagenes/img9_bayer.png Graphic file (type png)

<use imagenes/img9_bayer.png>
Package pdftex.def Info: imagenes/img9_bayer.png used on input line 134.
(pdftex.def)             Requested size: 256.0748pt x 170.71158pt.

Overfull \hbox (2.43333pt too wide) in paragraph at lines 132--136
[][]  []
 []

<imagenes/img9_demosicing_vecino.png, id=74, 578.16pt x 385.44pt>
File: imagenes/img9_demosicing_vecino.png Graphic file (type png)

<use imagenes/img9_demosicing_vecino.png>
Package pdftex.def Info: imagenes/img9_demosicing_vecino.png used on input line
 139.
(pdftex.def)             Requested size: 256.0748pt x 170.71158pt.

<imagenes/img9_demosicing_bilineal.png, id=75, 578.16pt x 385.44pt>
File: imagenes/img9_demosicing_bilineal.png Graphic file (type png)

<use imagenes/img9_demosicing_bilineal.png>
Package pdftex.def Info: imagenes/img9_demosicing_bilineal.png used on input li
ne 141.
(pdftex.def)             Requested size: 256.0748pt x 170.71158pt.

Overfull \hbox (2.43333pt too wide) in paragraph at lines 139--143
[][]  []
 []

<imagenes/img9_demosicing_spline.png, id=76, 578.16pt x 385.44pt>
File: imagenes/img9_demosicing_spline.png Graphic file (type png)

<use imagenes/img9_demosicing_spline.png>
Package pdftex.def Info: imagenes/img9_demosicing_spline.png used on input line
 147.
(pdftex.def)             Requested size: 256.0748pt x 170.71158pt.

<imagenes/img9_demosicing_quality.png, id=77, 578.16pt x 385.44pt>
File: imagenes/img9_demosicing_quality.png Graphic file (type png)

<use imagenes/img9_demosicing_quality.png>
Package pdftex.def Info: imagenes/img9_demosicing_quality.png used on input lin
e 149.
(pdftex.def)             Requested size: 256.0748pt x 170.71158pt.

Overfull \hbox (2.43333pt too wide) in paragraph at lines 147--151
[][]  []
 []


LaTeX Warning: `h' float specifier changed to `ht'.

[13 <./imagenes/img9.png> <./imagenes/img9_bayer.png> <./imagenes/img9_demosici
ng_vecino.png> <./imagenes/img9_demosicing_bilineal.png>]
<imagenes/img9_demosicing_vecino_cropped.png, id=82, 82.80937pt x 54.2025pt>
File: imagenes/img9_demosicing_vecino_cropped.png Graphic file (type png)

<use imagenes/img9_demosicing_vecino_cropped.png>
Package pdftex.def Info: imagenes/img9_demosicing_vecino_cropped.png used on in
put line 168.
(pdftex.def)             Requested size: 256.0748pt x 167.6687pt.

<imagenes/img9_demosicing_bilineal_cropped.png, id=84, 78.2925pt x 63.23625pt>
File: imagenes/img9_demosicing_bilineal_cropped.png Graphic file (type png)

<use imagenes/img9_demosicing_bilineal_cropped.png>
Package pdftex.def Info: imagenes/img9_demosicing_bilineal_cropped.png used on 
input line 173.
(pdftex.def)             Requested size: 256.0748pt x 206.85849pt.

<imagenes/img9_demosicing_spline_cropped.png, id=85, 64.74188pt x 48.18pt>
File: imagenes/img9_demosicing_spline_cropped.png Graphic file (type png)

<use imagenes/img9_demosicing_spline_cropped.png>
Package pdftex.def Info: imagenes/img9_demosicing_spline_cropped.png used on in
put line 178.
(pdftex.def)             Requested size: 256.0748pt x 190.63448pt.

<imagenes/img9_demosicing_quality_cropped.png, id=86, 77.53969pt x 55.70813pt>
File: imagenes/img9_demosicing_quality_cropped.png Graphic file (type png)

<use imagenes/img9_demosicing_quality_cropped.png>
Package pdftex.def Info: imagenes/img9_demosicing_quality_cropped.png used on i
nput line 183.
(pdftex.def)             Requested size: 256.0748pt x 183.99544pt.
 [14 <./imagenes/img9_demosicing_spline.png> <./imagenes/img9_demosicing_qualit
y.png> <./imagenes/img9_demosicing_vecino_cropped.png>] [15 <./imagenes/img9_de
mosicing_bilineal_cropped.png> <./imagenes/img9_demosicing_spline_cropped.png> 
<./imagenes/img9_demosicing_quality_cropped.png>] <imagenes/img12.png, id=97, 7
70.88pt x 513.92pt>
File: imagenes/img12.png Graphic file (type png)

<use imagenes/img12.png>
Package pdftex.def Info: imagenes/img12.png used on input line 198.
(pdftex.def)             Requested size: 231.26578pt x 154.17719pt.

<imagenes/img12_demosicing_bilineal.png, id=98, 770.88pt x 513.92pt>
File: imagenes/img12_demosicing_bilineal.png Graphic file (type png)

<use imagenes/img12_demosicing_bilineal.png>
Package pdftex.def Info: imagenes/img12_demosicing_bilineal.png used on input l
ine 207.
(pdftex.def)             Requested size: 231.26578pt x 154.17719pt.

<imagenes/img12_demosicing_quality.png, id=99, 770.88pt x 513.92pt>
File: imagenes/img12_demosicing_quality.png Graphic file (type png)

<use imagenes/img12_demosicing_quality.png>
Package pdftex.def Info: imagenes/img12_demosicing_quality.png used on input li
ne 213.
(pdftex.def)             Requested size: 231.26578pt x 154.17719pt.

<imagenes/img12_demosicing_spline.png, id=100, 770.88pt x 513.92pt>
File: imagenes/img12_demosicing_spline.png Graphic file (type png)

<use imagenes/img12_demosicing_spline.png>
Package pdftex.def Info: imagenes/img12_demosicing_spline.png used on input lin
e 222.
(pdftex.def)             Requested size: 231.26578pt x 154.17719pt.

<imagenes/img12_demosicing_vecino.png, id=101, 770.88pt x 513.92pt>
File: imagenes/img12_demosicing_vecino.png Graphic file (type png)

<use imagenes/img12_demosicing_vecino.png>
Package pdftex.def Info: imagenes/img12_demosicing_vecino.png used on input lin
e 228.
(pdftex.def)             Requested size: 231.26578pt x 154.17719pt.


LaTeX Warning: `h' float specifier changed to `ht'.

[16 <./imagenes/img12.png> <./imagenes/img12_demosicing_bilineal.png> <./imagen
es/img12_demosicing_quality.png>] [17 <./imagenes/img12_demosicing_spline.png> 
<./imagenes/img12_demosicing_vecino.png>]
<imagenes/img8_moire_original.png, id=108, 363.3575pt x 296.10625pt>
File: imagenes/img8_moire_original.png Graphic file (type png)

<use imagenes/img8_moire_original.png>
Package pdftex.def Info: imagenes/img8_moire_original.png used on input line 26
7.
(pdftex.def)             Requested size: 128.0374pt x 104.33905pt.

<imagenes/img8_moire.png, id=109, 200.75pt x 166.6225pt>
File: imagenes/img8_moire.png Graphic file (type png)

<use imagenes/img8_moire.png>
Package pdftex.def Info: imagenes/img8_moire.png used on input line 273.
(pdftex.def)             Requested size: 128.0374pt x 106.277pt.

<imagenes/img5_zippering_original.png, id=110, 68.255pt x 103.38625pt>
File: imagenes/img5_zippering_original.png Graphic file (type png)

<use imagenes/img5_zippering_original.png>
Package pdftex.def Info: imagenes/img5_zippering_original.png used on input lin
e 287.
(pdftex.def)             Requested size: 128.0374pt x 193.95126pt.

<imagenes/img5_zippering.png, id=111, 68.255pt x 112.42pt>
File: imagenes/img5_zippering.png Graphic file (type png)

<use imagenes/img5_zippering.png>
Package pdftex.def Info: imagenes/img5_zippering.png used on input line 293.
(pdftex.def)             Requested size: 128.0374pt x 210.89847pt.

<imagenes/img3_blur_original.png, id=112, 250.9375pt x 247.92625pt>
File: imagenes/img3_blur_original.png Graphic file (type png)

<use imagenes/img3_blur_original.png>
Package pdftex.def Info: imagenes/img3_blur_original.png used on input line 304
.
(pdftex.def)             Requested size: 128.0374pt x 126.50502pt.

<imagenes/img3_blur.png, id=113, 242.9075pt x 238.8925pt>
File: imagenes/img3_blur.png Graphic file (type png)

<use imagenes/img3_blur.png>
Package pdftex.def Info: imagenes/img3_blur.png used on input line 310.
(pdftex.def)             Requested size: 128.0374pt x 125.91983pt.
 [18 <./imagenes/img8_moire_original.png> <./imagenes/img8_moire.png> <./imagen
es/img5_zippering_original.png> <./imagenes/img5_zippering.png>]) [19 <./imagen
es/img3_blur_original.png> <./imagenes/img3_blur.png>] (./06-conclusiones.tex
<imagenes/tiempo_algoritmos_random.png, id=128, 848.9316pt x 595.9866pt>
File: imagenes/tiempo_algoritmos_random.png Graphic file (type png)

<use imagenes/tiempo_algoritmos_random.png>
Package pdftex.def Info: imagenes/tiempo_algoritmos_random.png used on input li
ne 8.
(pdftex.def)             Requested size: 512.1496pt x 359.56812pt.

<imagenes/quality_performance.png, id=129, 481.8pt x 361.35pt>
File: imagenes/quality_performance.png Graphic file (type png)

<use imagenes/quality_performance.png>
Package pdftex.def Info: imagenes/quality_performance.png used on input line 23
.
(pdftex.def)             Requested size: 385.4405pt x 289.0804pt.
 [20 <./imagenes/tiempo_algoritmos_random.png>] [21 <./imagenes/quality_perform
ance.png>]) (./07-referencias.tex
Underfull \hbox (badness 10000) in paragraph at lines 7--9
[]$\OML/cmm/m/it/10.95 RonKimmel:Demosaicing \OT1/cmr/m/n/10.95 : \OML/cmm/m/it
/10.95 imagereconstructionfromcolorccdsamples:IMAGEPRO \OMS/cmsy/m/n/10.95 ^^@
 []

) [22] 
AED: lastpage setting LastPage
(./tp3.aux
LaTeX Info: Redefining \. on input line 6.
LaTeX Info: Redefining \% on input line 6.
)

LaTeX Warning: There were multiply-defined labels.

 )
(\end occurred inside a group at level 1)

### simple group (level 1) entered at line 97 ({)
### bottom level 
Here is how much of TeX's memory you used:
 7750 strings out of 493117
 112020 string characters out of 6135433
 256829 words of memory out of 5000000
 11016 multiletter control sequences out of 15000+600000
 11394 words of font info for 43 fonts, out of 8000000 for 9000
 1141 hyphenation exceptions out of 8191
 38i,13n,43p,1090b,1072s stack positions out of 5000i,500n,10000p,200000b,80000s
</usr/local/texlive/2014/texmf-dist/fonts/type1/public/amsfonts
/cm/cmbx10.pfb></usr/local/texlive/2014/texmf-dist/fonts/type1/public/amsfonts/
cm/cmbx12.pfb></usr/local/texlive/2014/texmf-dist/fonts/type1/public/amsfonts/c
m/cmex10.pfb></usr/local/texlive/2014/texmf-dist/fonts/type1/public/amsfonts/cm
/cmmi10.pfb></usr/local/texlive/2014/texmf-dist/fonts/type1/public/amsfonts/cm/
cmmi8.pfb></usr/local/texlive/2014/texmf-dist/fonts/type1/public/amsfonts/cm/cm
r10.pfb></usr/local/texlive/2014/texmf-dist/fonts/type1/public/amsfonts/cm/cmr1
2.pfb></usr/local/texlive/2014/texmf-dist/fonts/type1/public/amsfonts/cm/cmr6.p
fb></usr/local/texlive/2014/texmf-dist/fonts/type1/public/amsfonts/cm/cmr8.pfb>
</usr/local/texlive/2014/texmf-dist/fonts/type1/public/amsfonts/cm/cmss10.pfb><
/usr/local/texlive/2014/texmf-dist/fonts/type1/public/amsfonts/cm/cmssbx10.pfb>
</usr/local/texlive/2014/texmf-dist/fonts/type1/public/amsfonts/cm/cmsy10.pfb><
/usr/local/texlive/2014/texmf-dist/fonts/type1/public/amsfonts/cm/cmsy8.pfb></u
sr/local/texlive/2014/texmf-dist/fonts/type1/public/amsfonts/cm/cmti10.pfb></us
r/local/texlive/2014/texmf-dist/fonts/type1/public/amsfonts/cm/cmtt10.pfb>
Output written on tp3.pdf (22 pages, 10760847 bytes).
PDF statistics:
 189 PDF objects out of 1000 (max. 8388607)
 96 compressed objects within 1 object stream
 0 named destinations out of 1000 (max. 500000)
 176 words of extra memory for PDF output out of 10000 (max. 10000000)

