This is pdfTeX, Version 3.1415926-1.40.10 (TeX Live 2009/Debian) (format=pdflatex 2012.7.16)  9 DEC 2014 18:34
entering extended mode
 %&-line parsing enabled.
**tp3.tex
(./tp3.tex
LaTeX2e <2009/09/24>
Babel <v3.8l> and hyphenation patterns for english, usenglishmax, dumylang, noh
yphenation, spanish, galician, catalan, loaded.
(/usr/share/texmf-texlive/tex/latex/base/article.cls
Document Class: article 2007/10/19 v1.4h Standard LaTeX document class
(/usr/share/texmf-texlive/tex/latex/base/size11.clo
File: size11.clo 2007/10/19 v1.4h Standard LaTeX file (size option)
)
\c@part=\count79
\c@section=\count80
\c@subsection=\count81
\c@subsubsection=\count82
\c@paragraph=\count83
\c@subparagraph=\count84
\c@figure=\count85
\c@table=\count86
\abovecaptionskip=\skip41
\belowcaptionskip=\skip42
\bibindent=\dimen102
)
(/usr/share/texmf-texlive/tex/generic/babel/babel.sty
Package: babel 2008/07/06 v3.8l The Babel package

(/usr/share/texmf-texlive/tex/generic/babel/english.ldf
Language: english 2005/03/30 v3.3o English support from the babel system

(/usr/share/texmf-texlive/tex/generic/babel/babel.def
File: babel.def 2008/07/06 v3.8l Babel common definitions
\babel@savecnt=\count87
\U@D=\dimen103
)
\l@british = a dialect from \language\l@english 
\l@UKenglish = a dialect from \language\l@english 
\l@canadian = a dialect from \language\l@american 
\l@australian = a dialect from \language\l@british 
\l@newzealand = a dialect from \language\l@british 
)
(/usr/share/texmf-texlive/tex/generic/babel/spanish.ldf
Language: spanish.ldf 2009/01/02 v5.0h Spanish support from the babel system
\es@datefmt=\count88
\es@quottoks=\toks14
\es@quotdepth=\count89
Package babel Info: Making " an active character on input line 492.
Package babel Info: Making . an active character on input line 585.
Package babel Info: Making < an active character on input line 630.
Package babel Info: Making > an active character on input line 630.
))
(/usr/share/texmf-texlive/tex/latex/base/inputenc.sty
Package: inputenc 2008/03/30 v1.1d Input encoding file
\inpenc@prehook=\toks15
\inpenc@posthook=\toks16

(/usr/share/texmf-texlive/tex/latex/base/utf8.def
File: utf8.def 2008/04/05 v1.1m UTF-8 support for inputenc
Now handling font encoding OML ...
... no UTF-8 mapping file for font encoding OML
Now handling font encoding T1 ...
... processing UTF-8 mapping file for font encoding T1

(/usr/share/texmf-texlive/tex/latex/base/t1enc.dfu
File: t1enc.dfu 2008/04/05 v1.1m UTF-8 support for inputenc
   defining Unicode char U+00A1 (decimal 161)
   defining Unicode char U+00A3 (decimal 163)
   defining Unicode char U+00AB (decimal 171)
   defining Unicode char U+00BB (decimal 187)
   defining Unicode char U+00BF (decimal 191)
   defining Unicode char U+00C0 (decimal 192)
   defining Unicode char U+00C1 (decimal 193)
   defining Unicode char U+00C2 (decimal 194)
   defining Unicode char U+00C3 (decimal 195)
   defining Unicode char U+00C4 (decimal 196)
   defining Unicode char U+00C5 (decimal 197)
   defining Unicode char U+00C6 (decimal 198)
   defining Unicode char U+00C7 (decimal 199)
   defining Unicode char U+00C8 (decimal 200)
   defining Unicode char U+00C9 (decimal 201)
   defining Unicode char U+00CA (decimal 202)
   defining Unicode char U+00CB (decimal 203)
   defining Unicode char U+00CC (decimal 204)
   defining Unicode char U+00CD (decimal 205)
   defining Unicode char U+00CE (decimal 206)
   defining Unicode char U+00CF (decimal 207)
   defining Unicode char U+00D0 (decimal 208)
   defining Unicode char U+00D1 (decimal 209)
   defining Unicode char U+00D2 (decimal 210)
   defining Unicode char U+00D3 (decimal 211)
   defining Unicode char U+00D4 (decimal 212)
   defining Unicode char U+00D5 (decimal 213)
   defining Unicode char U+00D6 (decimal 214)
   defining Unicode char U+00D8 (decimal 216)
   defining Unicode char U+00D9 (decimal 217)
   defining Unicode char U+00DA (decimal 218)
   defining Unicode char U+00DB (decimal 219)
   defining Unicode char U+00DC (decimal 220)
   defining Unicode char U+00DD (decimal 221)
   defining Unicode char U+00DE (decimal 222)
   defining Unicode char U+00DF (decimal 223)
   defining Unicode char U+00E0 (decimal 224)
   defining Unicode char U+00E1 (decimal 225)
   defining Unicode char U+00E2 (decimal 226)
   defining Unicode char U+00E3 (decimal 227)
   defining Unicode char U+00E4 (decimal 228)
   defining Unicode char U+00E5 (decimal 229)
   defining Unicode char U+00E6 (decimal 230)
   defining Unicode char U+00E7 (decimal 231)
   defining Unicode char U+00E8 (decimal 232)
   defining Unicode char U+00E9 (decimal 233)
   defining Unicode char U+00EA (decimal 234)
   defining Unicode char U+00EB (decimal 235)
   defining Unicode char U+00EC (decimal 236)
   defining Unicode char U+00ED (decimal 237)
   defining Unicode char U+00EE (decimal 238)
   defining Unicode char U+00EF (decimal 239)
   defining Unicode char U+00F0 (decimal 240)
   defining Unicode char U+00F1 (decimal 241)
   defining Unicode char U+00F2 (decimal 242)
   defining Unicode char U+00F3 (decimal 243)
   defining Unicode char U+00F4 (decimal 244)
   defining Unicode char U+00F5 (decimal 245)
   defining Unicode char U+00F6 (decimal 246)
   defining Unicode char U+00F8 (decimal 248)
   defining Unicode char U+00F9 (decimal 249)
   defining Unicode char U+00FA (decimal 250)
   defining Unicode char U+00FB (decimal 251)
   defining Unicode char U+00FC (decimal 252)
   defining Unicode char U+00FD (decimal 253)
   defining Unicode char U+00FE (decimal 254)
   defining Unicode char U+00FF (decimal 255)
   defining Unicode char U+0102 (decimal 258)
   defining Unicode char U+0103 (decimal 259)
   defining Unicode char U+0104 (decimal 260)
   defining Unicode char U+0105 (decimal 261)
   defining Unicode char U+0106 (decimal 262)
   defining Unicode char U+0107 (decimal 263)
   defining Unicode char U+010C (decimal 268)
   defining Unicode char U+010D (decimal 269)
   defining Unicode char U+010E (decimal 270)
   defining Unicode char U+010F (decimal 271)
   defining Unicode char U+0110 (decimal 272)
   defining Unicode char U+0111 (decimal 273)
   defining Unicode char U+0118 (decimal 280)
   defining Unicode char U+0119 (decimal 281)
   defining Unicode char U+011A (decimal 282)
   defining Unicode char U+011B (decimal 283)
   defining Unicode char U+011E (decimal 286)
   defining Unicode char U+011F (decimal 287)
   defining Unicode char U+0130 (decimal 304)
   defining Unicode char U+0131 (decimal 305)
   defining Unicode char U+0132 (decimal 306)
   defining Unicode char U+0133 (decimal 307)
   defining Unicode char U+0139 (decimal 313)
   defining Unicode char U+013A (decimal 314)
   defining Unicode char U+013D (decimal 317)
   defining Unicode char U+013E (decimal 318)
   defining Unicode char U+0141 (decimal 321)
   defining Unicode char U+0142 (decimal 322)
   defining Unicode char U+0143 (decimal 323)
   defining Unicode char U+0144 (decimal 324)
   defining Unicode char U+0147 (decimal 327)
   defining Unicode char U+0148 (decimal 328)
   defining Unicode char U+014A (decimal 330)
   defining Unicode char U+014B (decimal 331)
   defining Unicode char U+0150 (decimal 336)
   defining Unicode char U+0151 (decimal 337)
   defining Unicode char U+0152 (decimal 338)
   defining Unicode char U+0153 (decimal 339)
   defining Unicode char U+0154 (decimal 340)
   defining Unicode char U+0155 (decimal 341)
   defining Unicode char U+0158 (decimal 344)
   defining Unicode char U+0159 (decimal 345)
   defining Unicode char U+015A (decimal 346)
   defining Unicode char U+015B (decimal 347)
   defining Unicode char U+015E (decimal 350)
   defining Unicode char U+015F (decimal 351)
   defining Unicode char U+0160 (decimal 352)
   defining Unicode char U+0161 (decimal 353)
   defining Unicode char U+0162 (decimal 354)
   defining Unicode char U+0163 (decimal 355)
   defining Unicode char U+0164 (decimal 356)
   defining Unicode char U+0165 (decimal 357)
   defining Unicode char U+016E (decimal 366)
   defining Unicode char U+016F (decimal 367)
   defining Unicode char U+0170 (decimal 368)
   defining Unicode char U+0171 (decimal 369)
   defining Unicode char U+0178 (decimal 376)
   defining Unicode char U+0179 (decimal 377)
   defining Unicode char U+017A (decimal 378)
   defining Unicode char U+017B (decimal 379)
   defining Unicode char U+017C (decimal 380)
   defining Unicode char U+017D (decimal 381)
   defining Unicode char U+017E (decimal 382)
   defining Unicode char U+200C (decimal 8204)
   defining Unicode char U+2013 (decimal 8211)
   defining Unicode char U+2014 (decimal 8212)
   defining Unicode char U+2018 (decimal 8216)
   defining Unicode char U+2019 (decimal 8217)
   defining Unicode char U+201A (decimal 8218)
   defining Unicode char U+201C (decimal 8220)
   defining Unicode char U+201D (decimal 8221)
   defining Unicode char U+201E (decimal 8222)
   defining Unicode char U+2030 (decimal 8240)
   defining Unicode char U+2031 (decimal 8241)
   defining Unicode char U+2039 (decimal 8249)
   defining Unicode char U+203A (decimal 8250)
   defining Unicode char U+2423 (decimal 9251)
)
Now handling font encoding OT1 ...
... processing UTF-8 mapping file for font encoding OT1

(/usr/share/texmf-texlive/tex/latex/base/ot1enc.dfu
File: ot1enc.dfu 2008/04/05 v1.1m UTF-8 support for inputenc
   defining Unicode char U+00A1 (decimal 161)
   defining Unicode char U+00A3 (decimal 163)
   defining Unicode char U+00B8 (decimal 184)
   defining Unicode char U+00BF (decimal 191)
   defining Unicode char U+00C5 (decimal 197)
   defining Unicode char U+00C6 (decimal 198)
   defining Unicode char U+00D8 (decimal 216)
   defining Unicode char U+00DF (decimal 223)
   defining Unicode char U+00E6 (decimal 230)
   defining Unicode char U+00EC (decimal 236)
   defining Unicode char U+00ED (decimal 237)
   defining Unicode char U+00EE (decimal 238)
   defining Unicode char U+00EF (decimal 239)
   defining Unicode char U+00F8 (decimal 248)
   defining Unicode char U+0131 (decimal 305)
   defining Unicode char U+0141 (decimal 321)
   defining Unicode char U+0142 (decimal 322)
   defining Unicode char U+0152 (decimal 338)
   defining Unicode char U+0153 (decimal 339)
   defining Unicode char U+2013 (decimal 8211)
   defining Unicode char U+2014 (decimal 8212)
   defining Unicode char U+2018 (decimal 8216)
   defining Unicode char U+2019 (decimal 8217)
   defining Unicode char U+201C (decimal 8220)
   defining Unicode char U+201D (decimal 8221)
)
Now handling font encoding OMS ...
... processing UTF-8 mapping file for font encoding OMS

(/usr/share/texmf-texlive/tex/latex/base/omsenc.dfu
File: omsenc.dfu 2008/04/05 v1.1m UTF-8 support for inputenc
   defining Unicode char U+00A7 (decimal 167)
   defining Unicode char U+00B6 (decimal 182)
   defining Unicode char U+00B7 (decimal 183)
   defining Unicode char U+2020 (decimal 8224)
   defining Unicode char U+2021 (decimal 8225)
   defining Unicode char U+2022 (decimal 8226)
)
Now handling font encoding OMX ...
... no UTF-8 mapping file for font encoding OMX
Now handling font encoding U ...
... no UTF-8 mapping file for font encoding U
   defining Unicode char U+00A9 (decimal 169)
   defining Unicode char U+00AA (decimal 170)
   defining Unicode char U+00AE (decimal 174)
   defining Unicode char U+00BA (decimal 186)
   defining Unicode char U+02C6 (decimal 710)
   defining Unicode char U+02DC (decimal 732)
   defining Unicode char U+200C (decimal 8204)
   defining Unicode char U+2026 (decimal 8230)
   defining Unicode char U+2122 (decimal 8482)
   defining Unicode char U+2423 (decimal 9251)
))
(/usr/share/texmf-texlive/tex/latex/geometry/geometry.sty
Package: geometry 2008/12/21 v4.2 Page Geometry

(/usr/share/texmf-texlive/tex/latex/graphics/keyval.sty
Package: keyval 1999/03/16 v1.13 key=value parser (DPC)
\KV@toks@=\toks17
)
(/usr/share/texmf-texlive/tex/generic/oberdiek/ifpdf.sty
Package: ifpdf 2009/04/10 v2.0 Provides the ifpdf switch (HO)
Package ifpdf Info: pdfTeX in pdf mode detected.
)
(/usr/share/texmf-texlive/tex/generic/oberdiek/ifvtex.sty
Package: ifvtex 2008/11/04 v1.4 Switches for detecting VTeX and its modes (HO)
Package ifvtex Info: VTeX not detected.
)
\Gm@cnth=\count90
\Gm@cntv=\count91
\c@Gm@tempcnt=\count92
\Gm@bindingoffset=\dimen104
\Gm@wd@mp=\dimen105
\Gm@odd@mp=\dimen106
\Gm@even@mp=\dimen107
\Gm@dimlist=\toks18

(/usr/share/texmf-texlive/tex/xelatex/xetexconfig/geometry.cfg))
(/usr/share/texmf-texlive/tex/latex/amsmath/amsmath.sty
Package: amsmath 2000/07/18 v2.13 AMS math features
\@mathmargin=\skip43

For additional information on amsmath, use the `?' option.
(/usr/share/texmf-texlive/tex/latex/amsmath/amstext.sty
Package: amstext 2000/06/29 v2.01

(/usr/share/texmf-texlive/tex/latex/amsmath/amsgen.sty
File: amsgen.sty 1999/11/30 v2.0
\@emptytoks=\toks19
\ex@=\dimen108
))
(/usr/share/texmf-texlive/tex/latex/amsmath/amsbsy.sty
Package: amsbsy 1999/11/29 v1.2d
\pmbraise@=\dimen109
)
(/usr/share/texmf-texlive/tex/latex/amsmath/amsopn.sty
Package: amsopn 1999/12/14 v2.01 operator names
)
\inf@bad=\count93
LaTeX Info: Redefining \frac on input line 211.
\uproot@=\count94
\leftroot@=\count95
LaTeX Info: Redefining \overline on input line 307.
\classnum@=\count96
\DOTSCASE@=\count97
LaTeX Info: Redefining \ldots on input line 379.
LaTeX Info: Redefining \dots on input line 382.
LaTeX Info: Redefining \cdots on input line 467.
\Mathstrutbox@=\box26
\strutbox@=\box27
\big@size=\dimen110
LaTeX Font Info:    Redeclaring font encoding OML on input line 567.
LaTeX Font Info:    Redeclaring font encoding OMS on input line 568.
\macc@depth=\count98
\c@MaxMatrixCols=\count99
\dotsspace@=\muskip10
\c@parentequation=\count100
\dspbrk@lvl=\count101
\tag@help=\toks20
\row@=\count102
\column@=\count103
\maxfields@=\count104
\andhelp@=\toks21
\eqnshift@=\dimen111
\alignsep@=\dimen112
\tagshift@=\dimen113
\tagwidth@=\dimen114
\totwidth@=\dimen115
\lineht@=\dimen116
\@envbody=\toks22
\multlinegap=\skip44
\multlinetaggap=\skip45
\mathdisplay@stack=\toks23
LaTeX Info: Redefining \[ on input line 2666.
LaTeX Info: Redefining \] on input line 2667.
)
(/usr/share/texmf-texlive/tex/latex/algorithms/algorithm.sty
Package: algorithm 2009/08/24 v0.1 Document Style `algorithm' - floating enviro
nment

(/usr/share/texmf-texlive/tex/latex/float/float.sty
Package: float 2001/11/08 v1.3d Float enhancements (AL)
\c@float@type=\count105
\float@exts=\toks24
\float@box=\box28
\@float@everytoks=\toks25
\@floatcapt=\box29
)
(/usr/share/texmf-texlive/tex/latex/base/ifthen.sty
Package: ifthen 2001/05/26 v1.1c Standard LaTeX ifthen package (DPC)
)
\@float@every@algorithm=\toks26
\c@algorithm=\count106
)
(/usr/share/texmf-texlive/tex/latex/algorithmicx/algpseudocode.sty
Package: algpseudocode 

(/usr/share/texmf-texlive/tex/latex/algorithmicx/algorithmicx.sty
Package: algorithmicx 2005/04/27 v1.2 Algorithmicx

Document Style algorithmicx 1.2 - a greatly improved `algorithmic' style
\c@ALG@line=\count107
\c@ALG@rem=\count108
\c@ALG@nested=\count109
\ALG@tlm=\skip46
\ALG@thistlm=\skip47
\c@ALG@Lnr=\count110
\c@ALG@blocknr=\count111
\c@ALG@storecount=\count112
\c@ALG@tmpcounter=\count113
\ALG@tmplength=\skip48
)
Document Style - pseudocode environments for use with the `algorithmicx' style
) (/usr/share/texmf-texlive/tex/latex/amsfonts/amsfonts.sty
Package: amsfonts 2009/06/22 v3.00 Basic AMSFonts support
\symAMSa=\mathgroup4
\symAMSb=\mathgroup5
LaTeX Font Info:    Overwriting math alphabet `\mathfrak' in version `bold'
(Font)                  U/euf/m/n --> U/euf/b/n on input line 96.
)
(/usr/share/texmf-texlive/tex/latex/amsfonts/amssymb.sty
Package: amssymb 2009/06/22 v3.00
)
(/usr/share/texmf-texlive/tex/latex/fancyhdr/fancyhdr.sty
\fancy@headwidth=\skip49
\f@ncyO@elh=\skip50
\f@ncyO@erh=\skip51
\f@ncyO@olh=\skip52
\f@ncyO@orh=\skip53
\f@ncyO@elf=\skip54
\f@ncyO@erf=\skip55
\f@ncyO@olf=\skip56
\f@ncyO@orf=\skip57
)
(/usr/share/texmf-texlive/tex/latex/lastpage/lastpage.sty
Package: lastpage 1994/06/25 v0.1b LaTeX2e package for refs to last page number
 (JPG)
) (./caratula.sty
Package: caratula 2005/08/09 v0.3 Para componer caratulas de TPs del DC

(/usr/share/texmf-texlive/tex/latex/graphics/graphicx.sty
Package: graphicx 1999/02/16 v1.0f Enhanced LaTeX Graphics (DPC,SPQR)

(/usr/share/texmf-texlive/tex/latex/graphics/graphics.sty
Package: graphics 2009/02/05 v1.0o Standard LaTeX Graphics (DPC,SPQR)

(/usr/share/texmf-texlive/tex/latex/graphics/trig.sty
Package: trig 1999/03/16 v1.09 sin cos tan (DPC)
)
(/etc/texmf/tex/latex/config/graphics.cfg
File: graphics.cfg 2009/08/28 v1.8 graphics configuration of TeX Live
)
Package graphics Info: Driver file: pdftex.def on input line 91.

(/usr/share/texmf-texlive/tex/latex/pdftex-def/pdftex.def
File: pdftex.def 2010/03/12 v0.04p Graphics/color for pdfTeX
\Gread@gobject=\count114
))
\Gin@req@height=\dimen117
\Gin@req@width=\dimen118
)
Cargando package 'caratula' v0.3 (2005/08/09)
\intlist=\toks27
) (/usr/share/texmf-texlive/tex/latex/ltxmisc/url.sty
\Urlmuskip=\muskip11
Package: url 2006/04/12  ver 3.3  Verb mode for urls, etc.
)
(/usr/share/texmf-texlive/tex/latex/base/flafter.sty
Package: flafter 2000/07/23 v1.2i Standard LaTeX floats after reference (FMi)
)
(/usr/share/texmf-texlive/tex/latex/tools/afterpage.sty
Package: afterpage 1995/10/27 v1.08 After-Page Package (DPC)
\AP@output=\toks28
\AP@partial=\box30
\AP@footins=\box31
)
(/usr/share/texmf-texlive/tex/latex/listings/listings.sty
\lst@mode=\count115
\lst@gtempboxa=\box32
\lst@token=\toks29
\lst@length=\count116
\lst@currlwidth=\dimen119
\lst@column=\count117
\lst@pos=\count118
\lst@lostspace=\dimen120
\lst@width=\dimen121
\lst@newlines=\count119
\lst@lineno=\count120
\lst@maxwidth=\dimen122

(/usr/share/texmf-texlive/tex/latex/listings/lstmisc.sty
File: lstmisc.sty 2007/02/22 1.4 (Carsten Heinz)
\c@lstnumber=\count121
\lst@skipnumbers=\count122
\lst@framebox=\box33
)
(/usr/share/texmf-texlive/tex/latex/listings/listings.cfg
File: listings.cfg 2007/02/22 1.4 listings configuration
))
Package: listings 2007/02/22 1.4 (Carsten Heinz)

(/usr/share/texmf-texlive/tex/latex/graphics/color.sty
Package: color 2005/11/14 v1.0j Standard LaTeX Color (DPC)

(/etc/texmf/tex/latex/config/color.cfg
File: color.cfg 2007/01/18 v1.5 color configuration of teTeX/TeXLive
)
Package color Info: Driver file: pdftex.def on input line 130.
)
(/usr/share/texmf-texlive/tex/latex/tools/verbatim.sty
Package: verbatim 2003/08/22 v1.5q LaTeX2e package for verbatim enhancements
\every@verbatim=\toks30
\verbatim@line=\toks31
\verbatim@in@stream=\read1
)
(/usr/share/texmf-texlive/tex/latex/placeins/placeins.sty
Package: placeins 2005/04/18  v 2.2
)
(/usr/share/texmf-texlive/tex/latex/caption/caption.sty
Package: caption 2009/10/09 v3.1k Customizing captions (AR)

(/usr/share/texmf-texlive/tex/latex/caption/caption3.sty
Package: caption3 2009/10/09 v3.1k caption3 kernel (AR)
\captionmargin=\dimen123
\captionmargin@=\dimen124
\captionwidth=\dimen125
\caption@indent=\dimen126
\caption@parindent=\dimen127
\caption@hangindent=\dimen128
)
\c@ContinuedFloat=\count123
Package caption Info: float package is loaded.
Package caption Info: listings package is loaded.
)
(/usr/share/texmf-texlive/tex/latex/caption/subcaption.sty
Package: subcaption 2008/08/31 v1.0b Adding subcaptions (AR)
\c@subfigure=\count124
\c@subtable=\count125
)

Package Fancyhdr Warning: \fancyhead's `E' option without twoside option is use
less on input line 79.


Package Fancyhdr Warning: \fancyhead's `E' option without twoside option is use
less on input line 80.


Package Fancyhdr Warning: \fancyhead's `E' option without twoside option is use
less on input line 81.


Package Fancyhdr Warning: \fancyfoot's `E' option without twoside option is use
less on input line 83.

(./tp3.aux

LaTeX Warning: Label `fig:awesome_image1' multiply defined.

)
\openout1 = `tp3.aux'.

LaTeX Font Info:    Checking defaults for OML/cmm/m/it on input line 85.
LaTeX Font Info:    ... okay on input line 85.
LaTeX Font Info:    Checking defaults for T1/cmr/m/n on input line 85.
LaTeX Font Info:    ... okay on input line 85.
LaTeX Font Info:    Checking defaults for OT1/cmr/m/n on input line 85.
LaTeX Font Info:    ... okay on input line 85.
LaTeX Font Info:    Checking defaults for OMS/cmsy/m/n on input line 85.
LaTeX Font Info:    ... okay on input line 85.
LaTeX Font Info:    Checking defaults for OMX/cmex/m/n on input line 85.
LaTeX Font Info:    ... okay on input line 85.
LaTeX Font Info:    Checking defaults for U/cmr/m/n on input line 85.
LaTeX Font Info:    ... okay on input line 85.

*geometry auto-detecting driver*
*geometry detected driver: pdftex*
-------------------- Geometry parameters
paper: a4paper
landscape: --
twocolumn: --
twoside: --
asymmetric: --
h-parts: 42.67912pt, 512.1496pt, 42.67915pt
v-parts: 64.01869pt, 711.3189pt, 69.70926pt
hmarginratio: --
vmarginratio: --
lines: --
heightrounded: --
bindingoffset: 0.0pt
truedimen: --
includehead: --
includefoot: --
includemp: --
driver: pdftex
-------------------- Page layout dimensions and switches
\paperwidth  597.50787pt
\paperheight 845.04684pt
\textwidth  512.1496pt
\textheight 711.3189pt
\oddsidemargin  -29.59087pt
\evensidemargin -29.59087pt
\topmargin  -45.2513pt
\headheight 12.0pt
\headsep    25.0pt
\footskip   30.0pt
\marginparwidth 50.0pt
\marginparsep   10.0pt
\columnsep  10.0pt
\skip\footins  10.0pt plus 4.0pt minus 2.0pt
\hoffset 0.0pt
\voffset 0.0pt
\mag 1000

(1in=72.27pt, 1cm=28.45pt)
-----------------------
(/usr/share/texmf-texlive/tex/context/base/supp-pdf.mkii
[Loading MPS to PDF converter (version 2006.09.02).]
\scratchcounter=\count126
\scratchdimen=\dimen129
\scratchbox=\box34
\nofMPsegments=\count127
\nofMParguments=\count128
\everyMPshowfont=\toks32
\MPscratchCnt=\count129
\MPscratchDim=\dimen130
\MPnumerator=\count130
\everyMPtoPDFconversion=\toks33
)
\c@lstlisting=\count131
Package caption Info: Begin \AtBeginDocument code.
Package caption Info: End \AtBeginDocument code.
 <logo_dc.jpg, id=1, 215.6055pt x 83.5923pt>
File: logo_dc.jpg Graphic file (type jpg)
 <use logo_dc.jpg>
LaTeX Font Info:    Try loading font information for U+msa on input line 94.

(/usr/share/texmf-texlive/tex/latex/amsfonts/umsa.fd
File: umsa.fd 2009/06/22 v3.00 AMS symbols A
)
LaTeX Font Info:    Try loading font information for U+msb on input line 94.

(/usr/share/texmf-texlive/tex/latex/amsfonts/umsb.fd
File: umsb.fd 2009/06/22 v3.00 AMS symbols B
)
<logo_uba.jpg, id=2, 225.4824pt x 231.7458pt>
File: logo_uba.jpg Graphic file (type jpg)
 <use logo_uba.jpg>
Underfull \hbox (badness 10000) in paragraph at lines 94--94

 []


Overfull \hbox (25.60904pt too wide) in paragraph at lines 94--94
[][][] 
 []

[1

{/var/lib/texmf/fonts/map/pdftex/updmap/pdftex.map} <./logo_dc.jpg> <./logo_uba
.jpg>] (./tp3.toc [2])
\tf@toc=\write3
\openout3 = `tp3.toc'.

 (./01-resumen.tex)

Package Fancyhdr Warning: \headheight is too small (12.0pt): 
 Make it at least 13.60925pt.
 We now make it that large for the rest of the document.
 This may cause the page layout to be inconsistent, however.

[3] (./02-introduccion.tex <imagenes/img9.png, id=22, 770.88pt x 513.92pt>
File: imagenes/img9.png Graphic file (type png)

<use imagenes/img9.png> <imagenes/img9_bayer.png, id=23, 578.16pt x 385.44pt>
File: imagenes/img9_bayer.png Graphic file (type png)

<use imagenes/img9_bayer.png>
Overfull \hbox (2.43333pt too wide) in paragraph at lines 18--22
[][]  []
 []

) [4 <./imagenes/img9.png (PNG copy)> <./imagenes/img9_bayer.png (PNG copy)>]
(./03-desarrollo.tex
Underfull \hbox (badness 10000) in paragraph at lines 3--7

 []

[5] [6]
Underfull \hbox (badness 10000) in paragraph at lines 102--103

 []

[7]) [8] (./04-resultados.tex
<imagenes/colores.png, id=44, 3011.25pt x 5018.75pt>
File: imagenes/colores.png Graphic file (type png)

<use imagenes/colores.png> [9 <./imagenes/colores.png (PNG copy)>]
<imagenes/colores_bilineal_zoom.jpg, id=49, 188.705pt x 482.80376pt>
File: imagenes/colores_bilineal_zoom.jpg Graphic file (type jpg)

<use imagenes/colores_bilineal_zoom.jpg>
<imagenes/colores_hq_zoom.jpg, id=50, 188.705pt x 482.80376pt>
File: imagenes/colores_hq_zoom.jpg Graphic file (type jpg)

<use imagenes/colores_hq_zoom.jpg> [10 <./imagenes/colores_bilineal_zoom.jpg> <
./imagenes/colores_hq_zoom.jpg>]
<imagenes/colores_directional_zoom.jpg, id=54, 188.705pt x 482.80376pt>
File: imagenes/colores_directional_zoom.jpg Graphic file (type jpg)

<use imagenes/colores_directional_zoom.jpg>
<imagenes/colores_vecinos_zoom.jpg, id=55, 188.705pt x 482.80376pt>
File: imagenes/colores_vecinos_zoom.jpg Graphic file (type jpg)

<use imagenes/colores_vecinos_zoom.jpg> [11 <./imagenes/colores_directional_zoo
m.jpg> <./imagenes/colores_vecinos_zoom.jpg>]
<imagenes/cuadrados_colores.png, id=61, 1304.875pt x 1304.875pt>
File: imagenes/cuadrados_colores.png Graphic file (type png)

<use imagenes/cuadrados_colores.png>
Underfull \hbox (badness 10000) in paragraph at lines 97--99

 []

[12

 <./imagenes/cuadrados_colores.png (PNG copy)>] [13]
File: imagenes/img9.png Graphic file (type png)

<use imagenes/img9.png>
File: imagenes/img9_bayer.png Graphic file (type png)
 <use imagenes/img9_bayer.png>
Overfull \hbox (2.43333pt too wide) in paragraph at lines 133--137
[][]  []
 []

<imagenes/img9_demosicing_vecino.png, id=69, 578.16pt x 385.44pt>
File: imagenes/img9_demosicing_vecino.png Graphic file (type png)

<use imagenes/img9_demosicing_vecino.png>
<imagenes/img9_demosicing_bilineal.png, id=70, 578.16pt x 385.44pt>
File: imagenes/img9_demosicing_bilineal.png Graphic file (type png)

<use imagenes/img9_demosicing_bilineal.png>
Overfull \hbox (2.43333pt too wide) in paragraph at lines 140--144
[][]  []
 []

<imagenes/img9_demosicing_spline.png, id=71, 578.16pt x 385.44pt>
File: imagenes/img9_demosicing_spline.png Graphic file (type png)

<use imagenes/img9_demosicing_spline.png>
<imagenes/img9_demosicing_quality.png, id=72, 578.16pt x 385.44pt>
File: imagenes/img9_demosicing_quality.png Graphic file (type png)

<use imagenes/img9_demosicing_quality.png>
Overfull \hbox (2.43333pt too wide) in paragraph at lines 148--152
[][]  []
 []


LaTeX Warning: `h' float specifier changed to `ht'.

[14

 <./imagenes/img9_demosicing_vecino.png (PNG copy)> <./imagenes/img9_demosicing
_bilineal.png (PNG copy)>]
<imagenes/img9_demosicing_vecino_cropped.png, id=76, 82.80937pt x 54.2025pt>
File: imagenes/img9_demosicing_vecino_cropped.png Graphic file (type png)

<use imagenes/img9_demosicing_vecino_cropped.png>
<imagenes/img9_demosicing_bilineal_cropped.png, id=78, 78.2925pt x 63.23625pt>
File: imagenes/img9_demosicing_bilineal_cropped.png Graphic file (type png)

<use imagenes/img9_demosicing_bilineal_cropped.png>
<imagenes/img9_demosicing_spline_cropped.png, id=79, 64.74188pt x 48.18pt>
File: imagenes/img9_demosicing_spline_cropped.png Graphic file (type png)

<use imagenes/img9_demosicing_spline_cropped.png>
<imagenes/img9_demosicing_quality_cropped.png, id=80, 77.53969pt x 55.70813pt>
File: imagenes/img9_demosicing_quality_cropped.png Graphic file (type png)

<use imagenes/img9_demosicing_quality_cropped.png> [15 <./imagenes/img9_demosic
ing_spline.png (PNG copy)> <./imagenes/img9_demosicing_quality.png (PNG copy)> 
<./imagenes/img9_demosicing_vecino_cropped.png>] [16 <./imagenes/img9_demosicin
g_bilineal_cropped.png> <./imagenes/img9_demosicing_spline_cropped.png> <./imag
enes/img9_demosicing_quality_cropped.png>]
<imagenes/img12.png, id=91, 770.88pt x 513.92pt>
File: imagenes/img12.png Graphic file (type png)
 <use imagenes/img12.png>
<imagenes/img12_demosicing_bilineal.png, id=92, 770.88pt x 513.92pt>
File: imagenes/img12_demosicing_bilineal.png Graphic file (type png)

<use imagenes/img12_demosicing_bilineal.png>
<imagenes/img12_demosicing_quality.png, id=93, 770.88pt x 513.92pt>
File: imagenes/img12_demosicing_quality.png Graphic file (type png)

<use imagenes/img12_demosicing_quality.png>
<imagenes/img12_demosicing_spline.png, id=94, 770.88pt x 513.92pt>
File: imagenes/img12_demosicing_spline.png Graphic file (type png)

<use imagenes/img12_demosicing_spline.png>
<imagenes/img12_demosicing_vecino.png, id=95, 770.88pt x 513.92pt>
File: imagenes/img12_demosicing_vecino.png Graphic file (type png)

<use imagenes/img12_demosicing_vecino.png>

LaTeX Warning: `h' float specifier changed to `ht'.

[17 <./imagenes/img12.png (PNG copy)> <./imagenes/img12_demosicing_bilineal.png
 (PNG copy)> <./imagenes/img12_demosicing_quality.png (PNG copy)>] [18 <./image
nes/img12_demosicing_spline.png (PNG copy)> <./imagenes/img12_demosicing_vecino
.png (PNG copy)>]
<imagenes/img8_moire_original.png, id=102, 363.3575pt x 296.10625pt>
File: imagenes/img8_moire_original.png Graphic file (type png)

<use imagenes/img8_moire_original.png>
<imagenes/img8_moire.png, id=103, 200.75pt x 166.6225pt>
File: imagenes/img8_moire.png Graphic file (type png)

<use imagenes/img8_moire.png>
<imagenes/img5_zippering_original.png, id=104, 68.255pt x 103.38625pt>
File: imagenes/img5_zippering_original.png Graphic file (type png)

<use imagenes/img5_zippering_original.png>
<imagenes/img5_zippering.png, id=105, 68.255pt x 112.42pt>
File: imagenes/img5_zippering.png Graphic file (type png)

<use imagenes/img5_zippering.png> [19 <./imagenes/img8_moire_original.png> <./i
magenes/img8_moire.png> <./imagenes/img5_zippering_original.png> <./imagenes/im
g5_zippering.png>]
<imagenes/img3_blur_original.png, id=114, 250.9375pt x 247.92625pt>
File: imagenes/img3_blur_original.png Graphic file (type png)

<use imagenes/img3_blur_original.png>
<imagenes/img3_blur.png, id=115, 242.9075pt x 238.8925pt>
File: imagenes/img3_blur.png Graphic file (type png)

<use imagenes/img3_blur.png>
<imagenes/img5_ringing_original.png, id=116, 210.7875pt x 187.70125pt>
File: imagenes/img5_ringing_original.png Graphic file (type png)

<use imagenes/img5_ringing_original.png>
<imagenes/img5_ringing.png, id=117, 171.64125pt x 144.54pt>
File: imagenes/img5_ringing.png Graphic file (type png)

<use imagenes/img5_ringing.png>) [20 <./imagenes/img3_blur_original.png> <./ima
genes/img3_blur.png> <./imagenes/img5_ringing_original.png> <./imagenes/img5_ri
nging.png>] (./05-discusion.tex) [21] (./06-conclusiones.tex
<imagenes/tiempo_algoritmos_random.png, id=128, 848.9316pt x 595.9866pt>
File: imagenes/tiempo_algoritmos_random.png Graphic file (type png)

<use imagenes/tiempo_algoritmos_random.png>
<imagenes/quality_performance.png, id=129, 481.8pt x 361.35pt>
File: imagenes/quality_performance.png Graphic file (type png)

<use imagenes/quality_performance.png> [22 <./imagenes/tiempo_algoritmos_random
.png>] [23 <./imagenes/quality_performance.png (PNG copy)>])
(./07-referencias.tex
Underfull \hbox (badness 10000) in paragraph at lines 7--9
[]$\OML/cmm/m/it/10.95 RonKimmel:Demosaicing \OT1/cmr/m/n/10.95 : \OML/cmm/m/it
/10.95 imagereconstructionfromcolorccdsamples:IMAGEPRO \OMS/cmsy/m/n/10.95 ^^@
 []

) [24] AED: lastpage setting LastPage (./tp3.aux)

LaTeX Warning: There were multiply-defined labels.

 )
(\end occurred inside a group at level 1)

### simple group (level 1) entered at line 58 ({)
### bottom level 
Here is how much of TeX's memory you used:
 6758 strings out of 494999
 94023 string characters out of 1180816
 229771 words of memory out of 3000000
 9783 multiletter control sequences out of 15000+50000
 11394 words of font info for 43 fonts, out of 3000000 for 9000
 54 hyphenation exceptions out of 8191
 36i,14n,43p,1090b,1072s stack positions out of 5000i,500n,10000p,200000b,50000s
</usr/share/texmf-texlive/fonts/type1/public/amsfonts/cm/cmbx10
.pfb></usr/share/texmf-texlive/fonts/type1/public/amsfonts/cm/cmbx12.pfb></usr/
share/texmf-texlive/fonts/type1/public/amsfonts/cm/cmex10.pfb></usr/share/texmf
-texlive/fonts/type1/public/amsfonts/cm/cmmi10.pfb></usr/share/texmf-texlive/fo
nts/type1/public/amsfonts/cm/cmmi8.pfb></usr/share/texmf-texlive/fonts/type1/pu
blic/amsfonts/cm/cmr10.pfb></usr/share/texmf-texlive/fonts/type1/public/amsfont
s/cm/cmr12.pfb></usr/share/texmf-texlive/fonts/type1/public/amsfonts/cm/cmr6.pf
b></usr/share/texmf-texlive/fonts/type1/public/amsfonts/cm/cmr8.pfb></usr/share
/texmf-texlive/fonts/type1/public/amsfonts/cm/cmss10.pfb></usr/share/texmf-texl
ive/fonts/type1/public/amsfonts/cm/cmssbx10.pfb></usr/share/texmf-texlive/fonts
/type1/public/amsfonts/cm/cmsy10.pfb></usr/share/texmf-texlive/fonts/type1/publ
ic/amsfonts/cm/cmsy8.pfb></usr/share/texmf-texlive/fonts/type1/public/amsfonts/
cm/cmti10.pfb></usr/share/texmf-texlive/fonts/type1/public/amsfonts/cm/cmtt10.p
fb>
Output written on tp3.pdf (24 pages, 9581321 bytes).
PDF statistics:
 188 PDF objects out of 1000 (max. 8388607)
 0 named destinations out of 1000 (max. 500000)
 166 words of extra memory for PDF output out of 10000 (max. 10000000)

